Baiden passec section 1
Baiden passec section 2
Before:
0: /dev/ttyUSB0
1: /dev/ttyUSB1
After:
/dev/ttyUSB0
/dev/ttyUSB1
Baiden passec section 3
Baiden passec section 4
(AEROCET531s): Empty output log. Writing header.
(SD4023): Empty output log. Writing header.
(CO2): Empty output log. Writing header.
(FLOW): Empty output log. Writing header.
(AM): Empty output log. Writing header
Baiden passec section 7
(SD_4023): Initializing device
(SD_4023): Serial connection established
(AEROCET531s): Initializing device
(AEROCET531s): Serial connection established
SUCCESS!!!!!!!!!!!!!!!!!!!!!!!!!!!!!!!!!!!!!!!!!!!!!!!!!
Inside # Command
Activating comm mode
Baiden passed section 5
about to call sd_thread
about to call main_thread
Baiden Main thread 1
About to get ad and aero status
Inside status flag
Baiden about to enter write zone
Writing command active '3'
Activating comm mode
Baiden passed section 5
Baiden Main thread 1
About to get ad and aero status
Inside status flag
Baiden about to enter write zone
Writing command active '3'
Activating comm mode
Baiden passed section 5
Baiden Main thread 1
About to get ad and aero status
Inside status flag
Baiden about to enter write zone
Writing command active '3'
Activating comm mode
Baiden passed section 5
Baiden Main thread 1
About to get ad and aero status
Inside status flag
Baiden about to enter write zone
Writing command active '3'
Activating comm mode
Baiden passed section 5
Baiden Main thread 1
About to get ad and aero status
Inside status flag
Baiden about to enter write zone
Writing command active '3'
Activating comm mode
Baiden passed section 5
Baiden Main thread 1
About to get ad and aero status
Inside status flag
Baiden about to enter write zone
Writing command active '3'
Activating comm mode
Baiden passed section 5
Baiden Main thread 1
About to get ad and aero status
Inside status flag
Baiden about to enter write zone
Writing command active '3'
Activating comm mode
Baiden passed section 5
Baiden Main thread 1
About to get ad and aero status
Inside status flag
Baiden about to enter write zone
Writing command active '3'
Activating comm mode
Baiden passed section 5
Baiden Main thread 1
About to get ad and aero status
Inside status flag
Baiden about to enter write zone
Writing command active '3'
Activating comm mode
Baiden passed section 5
Baiden Main thread 1
About to get ad and aero status
Inside status flag
Baiden about to enter write zone
Writing command active '3'
Activating comm mode
Baiden passed section 5
Baiden Main thread 1
About to get ad and aero status
Inside status flag
Baiden about to enter write zone
Writing command active '3'
Activating comm mode
Baiden passed section 5
Baiden Main thread 1
About to get ad and aero status
Inside status flag
Baiden about to enter write zone
Writing command active '3'
Activating comm mode
Baiden passed section 5
Baiden Main thread 1
About to get ad and aero status
Inside status flag
Baiden about to enter write zone
Writing command active '3'
Activating comm mode
Baiden passed section 5
Baiden Main thread 1
About to get ad and aero status
Inside status flag
Baiden about to enter write zone
Writing command active '3'
Activating comm mode
Baiden passed section 5
Baiden Main thread 1
About to get ad and aero status
Inside status flag
Baiden about to enter write zone
Writing command active '3'
Activating comm mode
Baiden passed section 5
Baiden Main thread 1
About to get ad and aero status
Inside status flag
Baiden about to enter write zone
Writing command active '3'
Activating comm mode
Baiden passed section 5
Baiden Main thread 1
About to get ad and aero status
Inside status flag
Baiden about to enter write zone
Writing command active '3'
Activating comm mode
Baiden passed section 5
Baiden Main thread 1
About to get ad and aero status
Inside status flag
Baiden about to enter write zone
Writing command active '3'
Activating comm mode
Baiden passed section 5
Activating comm mode
Baiden Main thread 1
About to get ad and aero status
Inside status flag
Baiden about to enter write zone
Writing command active '3'
Baiden passed section 5
Activating comm mode
Baiden passed section 5
Baiden Main thread 1
About to get ad and aero status
Inside status flag
Baiden about to enter write zone
Writing command active '3'
Activating comm mode
Baiden passed section 5
Baiden Main thread 1
About to get ad and aero status
Inside status flag
Baiden about to enter write zone
Writing command active '3'
Activating comm mode
Baiden passed section 5
Baiden Main thread 1
About to get ad and aero status
Inside status flag
Baiden about to enter write zone
Writing command active '3'
Activating comm mode
Baiden passed section 5
Baiden Main thread 1
About to get ad and aero status
Inside status flag
Baiden about to enter write zone
Writing command active '3'
Activating comm mode
Baiden passed section 5
Baiden Main thread 1
About to get ad and aero status
Inside status flag
Baiden about to enter write zone
Writing command active '3'
Activating comm mode
Baiden passed section 5
Baiden Main thread 1
About to get ad and aero status
Inside status flag
Baiden about to enter write zone
Writing command active '3'
Activating comm mode
Baiden passed section 5
Baiden Main thread 1
About to get ad and aero status
Inside status flag
Baiden about to enter write zone
Writing command active '3'
Activating comm mode
Baiden passed section 5
Baiden Main thread 1
About to get ad and aero status
Inside status flag
Baiden about to enter write zone
Writing command active '3'
Activating comm mode
Baiden passed section 5
Baiden Main thread 1
About to get ad and aero status
Inside status flag
Baiden about to enter write zone
Writing command active '3'
Activating comm mode
Baiden passed section 5
Baiden Main thread 1
About to get ad and aero status
Inside status flag
Baiden about to enter write zone
Writing command active '3'
Activating comm mode
Baiden passed section 5
Baiden Main thread 1
About to get ad and aero status
Inside status flag
Baiden about to enter write zone
Writing command active '3'
Activating comm mode
Baiden passed section 5
Baiden Main thread 1
About to get ad and aero status
Inside status flag
Baiden about to enter write zone
Writing command active '3'
Activating comm mode
Baiden passed section 5
