Baiden passec section 1
Baiden passec section 2
Before:
0: /dev/ttyUSB0
1: /dev/ttyUSB1
After:
/dev/ttyUSB0
/dev/ttyUSB1
Baiden passec section 3
Baiden passec section 4
(AEROCET531s): Empty output log. Writing header.
(SD4023): Empty output log. Writing header.
(CO2): Empty output log. Writing header.
(FLOW): Empty output log. Writing header.
(AM): Empty output log. Writing header
Baiden passec section 5
Baiden passec section 7
(SD_4023): Initializing device
(SD_4023): Serial connection established
(AEROCET531s): Initializing device
(SD_4023): Successfully closed serial port
(AEROCET531s): Could not close port
[Errno 5] Input/output error
ERROR: Recieved IOError exception, retrying...
(SD_4023): Initializing device
(SD_4023): Serial connection established
(AEROCET531s): Initializing device
(SD_4023): Successfully closed serial port
(AEROCET531s): Successfully closed serial port
Can only operate on a valid file descriptor
ERROR: Recieved IOError exception, retrying...
(SD_4023): Initializing device
(SD_4023): Serial connection established
(AEROCET531s): Initializing device
(AEROCET531s): Serial connection established
SUCCESS!!!!!!!!!!!!!!!!!!!!!!!!!!!!!!!!!!!!!!!!!!!!!!!!!
Inside # Command
Activating comm mode
Activating comm mode
Activating comm mode
Activating comm mode
Activating comm mode
Activating comm mode
Activating comm mode
